# JRE version: OpenJDK Runtime Environment (8.0_152-b06) (build 1.8.0_152-release-1136-b06)
# Java VM: OpenJDK 64-Bit Server VM (25.152-b06 mixed mode windows-amd64 compressed oops)
Heap:
 PSYoungGen      total 217088K, used 97450K [0x00000000e0000000, 0x00000000ee680000, 0x0000000100000000)
  eden space 198144K, 41% used [0x00000000e0000000,0x00000000e4fd4170,0x00000000ec180000)
  from space 18944K, 82% used [0x00000000ec180000,0x00000000ed0d67c0,0x00000000ed400000)
  to   space 15360K, 0% used [0x00000000ed780000,0x00000000ed780000,0x00000000ee680000)
 ParOldGen       total 101376K, used 56190K [0x00000000a0000000, 0x00000000a6300000, 0x00000000e0000000)
  object space 101376K, 55% used [0x00000000a0000000,0x00000000a36df810,0x00000000a6300000)
 Metaspace       used 80240K, capacity 83866K, committed 84096K, reserved 1122304K
  class space    used 10521K, capacity 11332K, committed 11392K, reserved 1048576K
GC Heap History (10 events):
Event: 26.176 GC heap before
{Heap before GC invocations=18 (full 2):
 PSYoungGen      total 139776K, used 18717K [0x00000000e0000000, 0x00000000ec180000, 0x0000000100000000)
  eden space 120320K, 4% used [0x00000000e0000000,0x00000000e04c5db8,0x00000000e7580000)
  from space 19456K, 71% used [0x00000000e7580000,0x00000000e8301768,0x00000000e8880000)
  to   space 20480K, 0% used [0x00000000ead80000,0x00000000ead80000,0x00000000ec180000)
 ParOldGen       total 59392K, used 40657K [0x00000000a0000000, 0x00000000a3a00000, 0x00000000e0000000)
  object space 59392K, 68% used [0x00000000a0000000,0x00000000a27b4548,0x00000000a3a00000)
 Metaspace       used 57073K, capacity 58864K, committed 59008K, reserved 1099776K
  class space    used 7851K, capacity 8300K, committed 8320K, reserved 1048576K
Event: 26.209 GC heap after
Heap after GC invocations=18 (full 2):
 PSYoungGen      total 177664K, used 192K [0x00000000e0000000, 0x00000000ed880000, 0x0000000100000000)
  eden space 157184K, 0% used [0x00000000e0000000,0x00000000e0000000,0x00000000e9980000)
  from space 20480K, 0% used [0x00000000ead80000,0x00000000eadb0000,0x00000000ec180000)
  to   space 20480K, 0% used [0x00000000e9980000,0x00000000e9980000,0x00000000ead80000)
 ParOldGen       total 59392K, used 53833K [0x00000000a0000000, 0x00000000a3a00000, 0x00000000e0000000)
  object space 59392K, 90% used [0x00000000a0000000,0x00000000a3492638,0x00000000a3a00000)
 Metaspace       used 57073K, capacity 58864K, committed 59008K, reserved 1099776K
  class space    used 7851K, capacity 8300K, committed 8320K, reserved 1048576K
}
Event: 26.209 GC heap before
{Heap before GC invocations=19 (full 3):
 PSYoungGen      total 177664K, used 192K [0x00000000e0000000, 0x00000000ed880000, 0x0000000100000000)
  eden space 157184K, 0% used [0x00000000e0000000,0x00000000e0000000,0x00000000e9980000)
  from space 20480K, 0% used [0x00000000ead80000,0x00000000eadb0000,0x00000000ec180000)
  to   space 20480K, 0% used [0x00000000e9980000,0x00000000e9980000,0x00000000ead80000)
 ParOldGen       total 59392K, used 53833K [0x00000000a0000000, 0x00000000a3a00000, 0x00000000e0000000)
  object space 59392K, 90% used [0x00000000a0000000,0x00000000a3492638,0x00000000a3a00000)
 Metaspace       used 57073K, capacity 58864K, committed 59008K, reserved 1099776K
  class space    used 7851K, capacity 8300K, committed 8320K, reserved 1048576K
Event: 26.654 GC heap after
Heap after GC invocations=19 (full 3):
 PSYoungGen      total 177664K, used 0K [0x00000000e0000000, 0x00000000ed880000, 0x0000000100000000)
  eden space 157184K, 0% used [0x00000000e0000000,0x00000000e0000000,0x00000000e9980000)
  from space 20480K, 0% used [0x00000000ead80000,0x00000000ead80000,0x00000000ec180000)
  to   space 20480K, 0% used [0x00000000e9980000,0x00000000e9980000,0x00000000ead80000)
 ParOldGen       total 101376K, used 44514K [0x00000000a0000000, 0x00000000a6300000, 0x00000000e0000000)
  object space 101376K, 43% used [0x00000000a0000000,0x00000000a2b78980,0x00000000a6300000)
 Metaspace       used 57073K, capacity 58864K, committed 59008K, reserved 1099776K
  class space    used 7851K, capacity 8300K, committed 8320K, reserved 1048576K
}
Event: 1054.841 GC heap before
{Heap before GC invocations=20 (full 3):
 PSYoungGen      total 177664K, used 157184K [0x00000000e0000000, 0x00000000ed880000, 0x0000000100000000)
  eden space 157184K, 100% used [0x00000000e0000000,0x00000000e9980000,0x00000000e9980000)
  from space 20480K, 0% used [0x00000000ead80000,0x00000000ead80000,0x00000000ec180000)
  to   space 20480K, 0% used [0x00000000e9980000,0x00000000e9980000,0x00000000ead80000)
 ParOldGen       total 101376K, used 44514K [0x00000000a0000000, 0x00000000a6300000, 0x00000000e0000000)
  object space 101376K, 43% used [0x00000000a0000000,0x00000000a2b78980,0x00000000a6300000)
 Metaspace       used 62737K, capacity 65006K, committed 65024K, reserved 1105920K
  class space    used 8369K, capacity 8945K, committed 8960K, reserved 1048576K
Event: 1055.138 GC heap after
Heap after GC invocations=20 (full 3):
 PSYoungGen      total 177664K, used 8467K [0x00000000e0000000, 0x00000000eea80000, 0x0000000100000000)
  eden space 157184K, 0% used [0x00000000e0000000,0x00000000e0000000,0x00000000e9980000)
  from space 20480K, 41% used [0x00000000e9980000,0x00000000ea1c4f00,0x00000000ead80000)
  to   space 19456K, 0% used [0x00000000ed780000,0x00000000ed780000,0x00000000eea80000)
 ParOldGen       total 101376K, used 44522K [0x00000000a0000000, 0x00000000a6300000, 0x00000000e0000000)
  object space 101376K, 43% used [0x00000000a0000000,0x00000000a2b7a980,0x00000000a6300000)
 Metaspace       used 62737K, capacity 65006K, committed 65024K, reserved 1105920K
  class space    used 8369K, capacity 8945K, committed 8960K, reserved 1048576K
}
Event: 1063.718 GC heap before
{Heap before GC invocations=21 (full 3):
 PSYoungGen      total 177664K, used 165651K [0x00000000e0000000, 0x00000000eea80000, 0x0000000100000000)
  eden space 157184K, 100% used [0x00000000e0000000,0x00000000e9980000,0x00000000e9980000)
  from space 20480K, 41% used [0x00000000e9980000,0x00000000ea1c4f00,0x00000000ead80000)
  to   space 19456K, 0% used [0x00000000ed780000,0x00000000ed780000,0x00000000eea80000)
 ParOldGen       total 101376K, used 44522K [0x00000000a0000000, 0x00000000a6300000, 0x00000000e0000000)
  object space 101376K, 43% used [0x00000000a0000000,0x00000000a2b7a980,0x00000000a6300000)
 Metaspace       used 65300K, capacity 67814K, committed 67968K, reserved 1107968K
  class space    used 8642K, capacity 9298K, committed 9344K, reserved 1048576K
Event: 1063.801 GC heap after
Heap after GC invocations=21 (full 3):
 PSYoungGen      total 213504K, used 9812K [0x00000000e0000000, 0x00000000ee680000, 0x0000000100000000)
  eden space 198144K, 0% used [0x00000000e0000000,0x00000000e0000000,0x00000000ec180000)
  from space 15360K, 63% used [0x00000000ed780000,0x00000000ee115058,0x00000000ee680000)
  to   space 18944K, 0% used [0x00000000ec180000,0x00000000ec180000,0x00000000ed400000)
 ParOldGen       total 101376K, used 49506K [0x00000000a0000000, 0x00000000a6300000, 0x00000000e0000000)
  object space 101376K, 48% used [0x00000000a0000000,0x00000000a3058990,0x00000000a6300000)
 Metaspace       used 65300K, capacity 67814K, committed 67968K, reserved 1107968K
  class space    used 8642K, capacity 9298K, committed 9344K, reserved 1048576K
}
Event: 1073.022 GC heap before
{Heap before GC invocations=22 (full 3):
 PSYoungGen      total 213504K, used 207940K [0x00000000e0000000, 0x00000000ee680000, 0x0000000100000000)
  eden space 198144K, 99% used [0x00000000e0000000,0x00000000ec17bfb0,0x00000000ec180000)
  from space 15360K, 63% used [0x00000000ed780000,0x00000000ee115058,0x00000000ee680000)
  to   space 18944K, 0% used [0x00000000ec180000,0x00000000ec180000,0x00000000ed400000)
 ParOldGen       total 101376K, used 49506K [0x00000000a0000000, 0x00000000a6300000, 0x00000000e0000000)
  object space 101376K, 48% used [0x00000000a0000000,0x00000000a3058990,0x00000000a6300000)
 Metaspace       used 78897K, capacity 82336K, committed 82560K, reserved 1120256K
  class space    used 10342K, capacity 11105K, committed 11136K, reserved 1048576K
Event: 1073.054 GC heap after
Heap after GC invocations=22 (full 3):
 PSYoungGen      total 217088K, used 15705K [0x00000000e0000000, 0x00000000ee680000, 0x0000000100000000)
  eden space 198144K, 0% used [0x00000000e0000000,0x00000000e0000000,0x00000000ec180000)
  from space 18944K, 82% used [0x00000000ec180000,0x00000000ed0d67c0,0x00000000ed400000)
  to   space 15360K, 0% used [0x00000000ed780000,0x00000000ed780000,0x00000000ee680000)
 ParOldGen       total 101376K, used 56190K [0x00000000a0000000, 0x00000000a6300000, 0x00000000e0000000)
  object space 101376K, 55% used [0x00000000a0000000,0x00000000a36df810,0x00000000a6300000)
 Metaspace       used 78897K, capacity 82336K, committed 82560K, reserved 1120256K
  class space    used 10342K, capacity 11105K, committed 11136K, reserved 1048576K
}

