# JRE version: OpenJDK Runtime Environment (8.0_152-b06) (build 1.8.0_152-release-1136-b06)
# Java VM: OpenJDK 64-Bit Server VM (25.152-b06 mixed mode windows-amd64 compressed oops)
Heap:
 PSYoungGen      total 177152K, used 68533K [0x00000000e0000000, 0x00000000f0680000, 0x0000000100000000)
  eden space 130048K, 52% used [0x00000000e0000000,0x00000000e42ed720,0x00000000e7f00000)
  from space 47104K, 0% used [0x00000000eba00000,0x00000000eba00000,0x00000000ee800000)
  to   space 60416K, 0% used [0x00000000e7f00000,0x00000000e7f00000,0x00000000eba00000)
 ParOldGen       total 107008K, used 68165K [0x00000000a0000000, 0x00000000a6880000, 0x00000000e0000000)
  object space 107008K, 63% used [0x00000000a0000000,0x00000000a4291538,0x00000000a6880000)
 Metaspace       used 75928K, capacity 78736K, committed 78976K, reserved 1118208K
  class space    used 9948K, capacity 10533K, committed 10624K, reserved 1048576K
GC Heap History (10 events):
Event: 174.892 GC heap before
{Heap before GC invocations=29 (full 4):
 PSYoungGen      total 161792K, used 133862K [0x00000000e0000000, 0x00000000ebe80000, 0x0000000100000000)
  eden space 128512K, 100% used [0x00000000e0000000,0x00000000e7d80000,0x00000000e7d80000)
  from space 33280K, 16% used [0x00000000e9e00000,0x00000000ea339a80,0x00000000ebe80000)
  to   space 33280K, 0% used [0x00000000e7d80000,0x00000000e7d80000,0x00000000e9e00000)
 ParOldGen       total 107008K, used 71499K [0x00000000a0000000, 0x00000000a6880000, 0x00000000e0000000)
  object space 107008K, 66% used [0x00000000a0000000,0x00000000a45d2e80,0x00000000a6880000)
 Metaspace       used 75274K, capacity 77998K, committed 78208K, reserved 1116160K
  class space    used 9927K, capacity 10498K, committed 10624K, reserved 1048576K
Event: 174.913 GC heap after
Heap after GC invocations=29 (full 4):
 PSYoungGen      total 161792K, used 12999K [0x00000000e0000000, 0x00000000ec700000, 0x0000000100000000)
  eden space 128512K, 0% used [0x00000000e0000000,0x00000000e0000000,0x00000000e7d80000)
  from space 33280K, 39% used [0x00000000e7d80000,0x00000000e8a31e00,0x00000000e9e00000)
  to   space 31744K, 0% used [0x00000000ea800000,0x00000000ea800000,0x00000000ec700000)
 ParOldGen       total 107008K, used 71507K [0x00000000a0000000, 0x00000000a6880000, 0x00000000e0000000)
  object space 107008K, 66% used [0x00000000a0000000,0x00000000a45d4e80,0x00000000a6880000)
 Metaspace       used 75274K, capacity 77998K, committed 78208K, reserved 1116160K
  class space    used 9927K, capacity 10498K, committed 10624K, reserved 1048576K
}
Event: 176.915 GC heap before
{Heap before GC invocations=30 (full 4):
 PSYoungGen      total 161792K, used 141511K [0x00000000e0000000, 0x00000000ec700000, 0x0000000100000000)
  eden space 128512K, 100% used [0x00000000e0000000,0x00000000e7d80000,0x00000000e7d80000)
  from space 33280K, 39% used [0x00000000e7d80000,0x00000000e8a31e00,0x00000000e9e00000)
  to   space 31744K, 0% used [0x00000000ea800000,0x00000000ea800000,0x00000000ec700000)
 ParOldGen       total 107008K, used 71507K [0x00000000a0000000, 0x00000000a6880000, 0x00000000e0000000)
  object space 107008K, 66% used [0x00000000a0000000,0x00000000a45d4e80,0x00000000a6880000)
 Metaspace       used 75416K, capacity 78092K, committed 78464K, reserved 1118208K
  class space    used 9931K, capacity 10503K, committed 10624K, reserved 1048576K
Event: 176.978 GC heap after
Heap after GC invocations=30 (full 4):
 PSYoungGen      total 162304K, used 31740K [0x00000000e0000000, 0x00000000edd00000, 0x0000000100000000)
  eden space 130560K, 0% used [0x00000000e0000000,0x00000000e0000000,0x00000000e7f80000)
  from space 31744K, 99% used [0x00000000ea800000,0x00000000ec6ff0a8,0x00000000ec700000)
  to   space 41472K, 0% used [0x00000000e7f80000,0x00000000e7f80000,0x00000000ea800000)
 ParOldGen       total 107008K, used 83940K [0x00000000a0000000, 0x00000000a6880000, 0x00000000e0000000)
  object space 107008K, 78% used [0x00000000a0000000,0x00000000a51f9350,0x00000000a6880000)
 Metaspace       used 75416K, capacity 78092K, committed 78464K, reserved 1118208K
  class space    used 9931K, capacity 10503K, committed 10624K, reserved 1048576K
}
Event: 260.792 GC heap before
{Heap before GC invocations=31 (full 4):
 PSYoungGen      total 162304K, used 162300K [0x00000000e0000000, 0x00000000edd00000, 0x0000000100000000)
  eden space 130560K, 100% used [0x00000000e0000000,0x00000000e7f80000,0x00000000e7f80000)
  from space 31744K, 99% used [0x00000000ea800000,0x00000000ec6ff0a8,0x00000000ec700000)
  to   space 41472K, 0% used [0x00000000e7f80000,0x00000000e7f80000,0x00000000ea800000)
 ParOldGen       total 107008K, used 83940K [0x00000000a0000000, 0x00000000a6880000, 0x00000000e0000000)
  object space 107008K, 78% used [0x00000000a0000000,0x00000000a51f9350,0x00000000a6880000)
 Metaspace       used 75624K, capacity 78408K, committed 78720K, reserved 1118208K
  class space    used 9936K, capacity 10513K, committed 10624K, reserved 1048576K
Event: 260.907 GC heap after
Heap after GC invocations=31 (full 4):
 PSYoungGen      total 172032K, used 37838K [0x00000000e0000000, 0x00000000ee800000, 0x0000000100000000)
  eden space 130560K, 0% used [0x00000000e0000000,0x00000000e0000000,0x00000000e7f80000)
  from space 41472K, 91% used [0x00000000e7f80000,0x00000000ea4739d8,0x00000000ea800000)
  to   space 47104K, 0% used [0x00000000eba00000,0x00000000eba00000,0x00000000ee800000)
 ParOldGen       total 107008K, used 83948K [0x00000000a0000000, 0x00000000a6880000, 0x00000000e0000000)
  object space 107008K, 78% used [0x00000000a0000000,0x00000000a51fb350,0x00000000a6880000)
 Metaspace       used 75624K, capacity 78408K, committed 78720K, reserved 1118208K
  class space    used 9936K, capacity 10513K, committed 10624K, reserved 1048576K
}
Event: 265.462 GC heap before
{Heap before GC invocations=32 (full 4):
 PSYoungGen      total 172032K, used 168398K [0x00000000e0000000, 0x00000000ee800000, 0x0000000100000000)
  eden space 130560K, 100% used [0x00000000e0000000,0x00000000e7f80000,0x00000000e7f80000)
  from space 41472K, 91% used [0x00000000e7f80000,0x00000000ea4739d8,0x00000000ea800000)
  to   space 47104K, 0% used [0x00000000eba00000,0x00000000eba00000,0x00000000ee800000)
 ParOldGen       total 107008K, used 83948K [0x00000000a0000000, 0x00000000a6880000, 0x00000000e0000000)
  object space 107008K, 78% used [0x00000000a0000000,0x00000000a51fb350,0x00000000a6880000)
 Metaspace       used 75919K, capacity 78736K, committed 78976K, reserved 1118208K
  class space    used 9948K, capacity 10533K, committed 10624K, reserved 1048576K
Event: 265.674 GC heap after
Heap after GC invocations=32 (full 4):
 PSYoungGen      total 177152K, used 47099K [0x00000000e0000000, 0x00000000f0680000, 0x0000000100000000)
  eden space 130048K, 0% used [0x00000000e0000000,0x00000000e0000000,0x00000000e7f00000)
  from space 47104K, 99% used [0x00000000eba00000,0x00000000ee7fed70,0x00000000ee800000)
  to   space 60416K, 0% used [0x00000000e7f00000,0x00000000e7f00000,0x00000000eba00000)
 ParOldGen       total 107008K, used 99075K [0x00000000a0000000, 0x00000000a6880000, 0x00000000e0000000)
  object space 107008K, 92% used [0x00000000a0000000,0x00000000a60c0cf0,0x00000000a6880000)
 Metaspace       used 75919K, capacity 78736K, committed 78976K, reserved 1118208K
  class space    used 9948K, capacity 10533K, committed 10624K, reserved 1048576K
}
Event: 265.674 GC heap before
{Heap before GC invocations=33 (full 5):
 PSYoungGen      total 177152K, used 47099K [0x00000000e0000000, 0x00000000f0680000, 0x0000000100000000)
  eden space 130048K, 0% used [0x00000000e0000000,0x00000000e0000000,0x00000000e7f00000)
  from space 47104K, 99% used [0x00000000eba00000,0x00000000ee7fed70,0x00000000ee800000)
  to   space 60416K, 0% used [0x00000000e7f00000,0x00000000e7f00000,0x00000000eba00000)
 ParOldGen       total 107008K, used 99075K [0x00000000a0000000, 0x00000000a6880000, 0x00000000e0000000)
  object space 107008K, 92% used [0x00000000a0000000,0x00000000a60c0cf0,0x00000000a6880000)
 Metaspace       used 75919K, capacity 78736K, committed 78976K, reserved 1118208K
  class space    used 9948K, capacity 10533K, committed 10624K, reserved 1048576K
Event: 267.000 GC heap after
Heap after GC invocations=33 (full 5):
 PSYoungGen      total 177152K, used 0K [0x00000000e0000000, 0x00000000f0680000, 0x0000000100000000)
  eden space 130048K, 0% used [0x00000000e0000000,0x00000000e0000000,0x00000000e7f00000)
  from space 47104K, 0% used [0x00000000eba00000,0x00000000eba00000,0x00000000ee800000)
  to   space 60416K, 0% used [0x00000000e7f00000,0x00000000e7f00000,0x00000000eba00000)
 ParOldGen       total 107008K, used 68165K [0x00000000a0000000, 0x00000000a6880000, 0x00000000e0000000)
  object space 107008K, 63% used [0x00000000a0000000,0x00000000a4291538,0x00000000a6880000)
 Metaspace       used 75919K, capacity 78736K, committed 78976K, reserved 1118208K
  class space    used 9948K, capacity 10533K, committed 10624K, reserved 1048576K
}

