# JRE version: OpenJDK Runtime Environment (8.0_152-b06) (build 1.8.0_152-release-1136-b06)
# Java VM: OpenJDK 64-Bit Server VM (25.152-b06 mixed mode windows-amd64 compressed oops)
Heap:
 PSYoungGen      total 229888K, used 190983K [0x00000000e0000000, 0x00000000efd00000, 0x0000000100000000)
  eden space 212992K, 84% used [0x00000000e0000000,0x00000000eaf5b3d8,0x00000000ed000000)
  from space 16896K, 67% used [0x00000000eec80000,0x00000000ef7a6b18,0x00000000efd00000)
  to   space 23040K, 0% used [0x00000000ed000000,0x00000000ed000000,0x00000000ee680000)
 ParOldGen       total 91648K, used 69291K [0x00000000a0000000, 0x00000000a5980000, 0x00000000e0000000)
  object space 91648K, 75% used [0x00000000a0000000,0x00000000a43aadb0,0x00000000a5980000)
 Metaspace       used 78203K, capacity 81130K, committed 81280K, reserved 1120256K
  class space    used 10210K, capacity 10822K, committed 10880K, reserved 1048576K
GC Heap History (10 events):
Event: 24.056 GC heap before
{Heap before GC invocations=17 (full 2):
 PSYoungGen      total 159744K, used 34873K [0x00000000e0000000, 0x00000000eb200000, 0x0000000100000000)
  eden space 145408K, 16% used [0x00000000e0000000,0x00000000e1730268,0x00000000e8e00000)
  from space 14336K, 77% used [0x00000000e9d00000,0x00000000ea7de580,0x00000000eab00000)
  to   space 15360K, 0% used [0x00000000e8e00000,0x00000000e8e00000,0x00000000e9d00000)
 ParOldGen       total 53760K, used 31905K [0x00000000a0000000, 0x00000000a3480000, 0x00000000e0000000)
  object space 53760K, 59% used [0x00000000a0000000,0x00000000a1f284d0,0x00000000a3480000)
 Metaspace       used 57404K, capacity 58998K, committed 59028K, reserved 1099776K
  class space    used 7797K, capacity 8180K, committed 8192K, reserved 1048576K
Event: 24.070 GC heap after
Heap after GC invocations=17 (full 2):
 PSYoungGen      total 160768K, used 14077K [0x00000000e0000000, 0x00000000edd00000, 0x0000000100000000)
  eden space 145408K, 0% used [0x00000000e0000000,0x00000000e0000000,0x00000000e8e00000)
  from space 15360K, 91% used [0x00000000e8e00000,0x00000000e9bbf770,0x00000000e9d00000)
  to   space 17408K, 0% used [0x00000000ecc00000,0x00000000ecc00000,0x00000000edd00000)
 ParOldGen       total 53760K, used 31913K [0x00000000a0000000, 0x00000000a3480000, 0x00000000e0000000)
  object space 53760K, 59% used [0x00000000a0000000,0x00000000a1f2a4d0,0x00000000a3480000)
 Metaspace       used 57404K, capacity 58998K, committed 59028K, reserved 1099776K
  class space    used 7797K, capacity 8180K, committed 8192K, reserved 1048576K
}
Event: 24.070 GC heap before
{Heap before GC invocations=18 (full 3):
 PSYoungGen      total 160768K, used 14077K [0x00000000e0000000, 0x00000000edd00000, 0x0000000100000000)
  eden space 145408K, 0% used [0x00000000e0000000,0x00000000e0000000,0x00000000e8e00000)
  from space 15360K, 91% used [0x00000000e8e00000,0x00000000e9bbf770,0x00000000e9d00000)
  to   space 17408K, 0% used [0x00000000ecc00000,0x00000000ecc00000,0x00000000edd00000)
 ParOldGen       total 53760K, used 31913K [0x00000000a0000000, 0x00000000a3480000, 0x00000000e0000000)
  object space 53760K, 59% used [0x00000000a0000000,0x00000000a1f2a4d0,0x00000000a3480000)
 Metaspace       used 57404K, capacity 58998K, committed 59028K, reserved 1099776K
  class space    used 7797K, capacity 8180K, committed 8192K, reserved 1048576K
Event: 24.357 GC heap after
Heap after GC invocations=18 (full 3):
 PSYoungGen      total 160768K, used 0K [0x00000000e0000000, 0x00000000edd00000, 0x0000000100000000)
  eden space 145408K, 0% used [0x00000000e0000000,0x00000000e0000000,0x00000000e8e00000)
  from space 15360K, 0% used [0x00000000e8e00000,0x00000000e8e00000,0x00000000e9d00000)
  to   space 17408K, 0% used [0x00000000ecc00000,0x00000000ecc00000,0x00000000edd00000)
 ParOldGen       total 91648K, used 38797K [0x00000000a0000000, 0x00000000a5980000, 0x00000000e0000000)
  object space 91648K, 42% used [0x00000000a0000000,0x00000000a25e3440,0x00000000a5980000)
 Metaspace       used 57404K, capacity 58998K, committed 59028K, reserved 1099776K
  class space    used 7797K, capacity 8180K, committed 8192K, reserved 1048576K
}
Event: 26.679 GC heap before
{Heap before GC invocations=19 (full 3):
 PSYoungGen      total 160768K, used 145408K [0x00000000e0000000, 0x00000000edd00000, 0x0000000100000000)
  eden space 145408K, 100% used [0x00000000e0000000,0x00000000e8e00000,0x00000000e8e00000)
  from space 15360K, 0% used [0x00000000e8e00000,0x00000000e8e00000,0x00000000e9d00000)
  to   space 17408K, 0% used [0x00000000ecc00000,0x00000000ecc00000,0x00000000edd00000)
 ParOldGen       total 91648K, used 38797K [0x00000000a0000000, 0x00000000a5980000, 0x00000000e0000000)
  object space 91648K, 42% used [0x00000000a0000000,0x00000000a25e3440,0x00000000a5980000)
 Metaspace       used 61204K, capacity 63202K, committed 63360K, reserved 1103872K
  class space    used 8306K, capacity 8778K, committed 8832K, reserved 1048576K
Event: 26.723 GC heap after
Heap after GC invocations=19 (full 3):
 PSYoungGen      total 201216K, used 17381K [0x00000000e0000000, 0x00000000ee380000, 0x0000000100000000)
  eden space 183808K, 0% used [0x00000000e0000000,0x00000000e0000000,0x00000000eb380000)
  from space 17408K, 99% used [0x00000000ecc00000,0x00000000edcf9568,0x00000000edd00000)
  to   space 24576K, 0% used [0x00000000eb380000,0x00000000eb380000,0x00000000ecb80000)
 ParOldGen       total 91648K, used 51901K [0x00000000a0000000, 0x00000000a5980000, 0x00000000e0000000)
  object space 91648K, 56% used [0x00000000a0000000,0x00000000a32af480,0x00000000a5980000)
 Metaspace       used 61204K, capacity 63202K, committed 63360K, reserved 1103872K
  class space    used 8306K, capacity 8778K, committed 8832K, reserved 1048576K
}
Event: 28.380 GC heap before
{Heap before GC invocations=20 (full 3):
 PSYoungGen      total 201216K, used 201189K [0x00000000e0000000, 0x00000000ee380000, 0x0000000100000000)
  eden space 183808K, 100% used [0x00000000e0000000,0x00000000eb380000,0x00000000eb380000)
  from space 17408K, 99% used [0x00000000ecc00000,0x00000000edcf9568,0x00000000edd00000)
  to   space 24576K, 0% used [0x00000000eb380000,0x00000000eb380000,0x00000000ecb80000)
 ParOldGen       total 91648K, used 51901K [0x00000000a0000000, 0x00000000a5980000, 0x00000000e0000000)
  object space 91648K, 56% used [0x00000000a0000000,0x00000000a32af480,0x00000000a5980000)
 Metaspace       used 63470K, capacity 65700K, committed 65920K, reserved 1105920K
  class space    used 8606K, capacity 9087K, committed 9088K, reserved 1048576K
Event: 28.415 GC heap after
Heap after GC invocations=20 (full 3):
 PSYoungGen      total 208384K, used 5906K [0x00000000e0000000, 0x00000000f0400000, 0x0000000100000000)
  eden space 183808K, 0% used [0x00000000e0000000,0x00000000e0000000,0x00000000eb380000)
  from space 24576K, 24% used [0x00000000eb380000,0x00000000eb944818,0x00000000ecb80000)
  to   space 24064K, 0% used [0x00000000eec80000,0x00000000eec80000,0x00000000f0400000)
 ParOldGen       total 91648K, used 69283K [0x00000000a0000000, 0x00000000a5980000, 0x00000000e0000000)
  object space 91648K, 75% used [0x00000000a0000000,0x00000000a43a8db0,0x00000000a5980000)
 Metaspace       used 63470K, capacity 65700K, committed 65920K, reserved 1105920K
  class space    used 8606K, capacity 9087K, committed 9088K, reserved 1048576K
}
Event: 461.264 GC heap before
{Heap before GC invocations=21 (full 3):
 PSYoungGen      total 208384K, used 189714K [0x00000000e0000000, 0x00000000f0400000, 0x0000000100000000)
  eden space 183808K, 100% used [0x00000000e0000000,0x00000000eb380000,0x00000000eb380000)
  from space 24576K, 24% used [0x00000000eb380000,0x00000000eb944818,0x00000000ecb80000)
  to   space 24064K, 0% used [0x00000000eec80000,0x00000000eec80000,0x00000000f0400000)
 ParOldGen       total 91648K, used 69283K [0x00000000a0000000, 0x00000000a5980000, 0x00000000e0000000)
  object space 91648K, 75% used [0x00000000a0000000,0x00000000a43a8db0,0x00000000a5980000)
 Metaspace       used 69288K, capacity 71836K, committed 71936K, reserved 1112064K
  class space    used 9159K, capacity 9695K, committed 9728K, reserved 1048576K
Event: 461.458 GC heap after
Heap after GC invocations=21 (full 3):
 PSYoungGen      total 229888K, used 11418K [0x00000000e0000000, 0x00000000efd00000, 0x0000000100000000)
  eden space 212992K, 0% used [0x00000000e0000000,0x00000000e0000000,0x00000000ed000000)
  from space 16896K, 67% used [0x00000000eec80000,0x00000000ef7a6b18,0x00000000efd00000)
  to   space 23040K, 0% used [0x00000000ed000000,0x00000000ed000000,0x00000000ee680000)
 ParOldGen       total 91648K, used 69291K [0x00000000a0000000, 0x00000000a5980000, 0x00000000e0000000)
  object space 91648K, 75% used [0x00000000a0000000,0x00000000a43aadb0,0x00000000a5980000)
 Metaspace       used 69288K, capacity 71836K, committed 71936K, reserved 1112064K
  class space    used 9159K, capacity 9695K, committed 9728K, reserved 1048576K
}

